<?xml version="1.0" encoding="UTF-8"?>
<testng-results skipped="0" failed="0" total="1" passed="1">
  <reporter-output>
  </reporter-output>
  <suite name="by.academy.TestServer" duration-ms="6100" started-at="2015-08-03T10:45:48Z" finished-at="2015-08-03T10:45:54Z">
    <groups>
    </groups>
    <test name="Command line test" duration-ms="6100" started-at="2015-08-03T10:45:48Z" finished-at="2015-08-03T10:45:54Z">
      <class name="by.academy.TestServer">
        <test-method status="PASS" signature="setup()[pri:0, instance:by.academy.TestServer@22ff4249]" name="setup" is-config="true" duration-ms="5653" started-at="2015-08-03T13:45:48Z" finished-at="2015-08-03T13:45:53Z">
          <reporter-output>
          </reporter-output>
        </test-method> <!-- setup -->
        <test-method status="PASS" signature="testNothing()[pri:0, instance:by.academy.TestServer@22ff4249]" name="testNothing" duration-ms="357" started-at="2015-08-03T13:45:53Z" finished-at="2015-08-03T13:45:54Z">
          <reporter-output>
          </reporter-output>
        </test-method> <!-- testNothing -->
        <test-method status="PASS" signature="teardown()[pri:0, instance:by.academy.TestServer@22ff4249]" name="teardown" is-config="true" duration-ms="57" started-at="2015-08-03T13:45:54Z" finished-at="2015-08-03T13:45:54Z">
          <reporter-output>
          </reporter-output>
        </test-method> <!-- teardown -->
      </class> <!-- by.academy.TestServer -->
    </test> <!-- Command line test -->
  </suite> <!-- by.academy.TestServer -->
</testng-results>
