<?xml version="1.0" encoding="UTF-8"?>
<testng-results skipped="0" failed="0" total="1" passed="1">
  <reporter-output>
  </reporter-output>
  <suite name="by.academy.TestServer" duration-ms="5704" started-at="2015-08-03T10:45:29Z" finished-at="2015-08-03T10:45:34Z">
    <groups>
    </groups>
    <test name="Command line test" duration-ms="5704" started-at="2015-08-03T10:45:29Z" finished-at="2015-08-03T10:45:34Z">
      <class name="by.academy.TestServer">
        <test-method status="PASS" signature="setup()[pri:0, instance:by.academy.TestServer@22ff4249]" name="setup" is-config="true" duration-ms="5311" started-at="2015-08-03T13:45:29Z" finished-at="2015-08-03T13:45:34Z">
          <reporter-output>
          </reporter-output>
        </test-method> <!-- setup -->
        <test-method status="PASS" signature="testNothing()[pri:0, instance:by.academy.TestServer@22ff4249]" name="testNothing" duration-ms="321" started-at="2015-08-03T13:45:34Z" finished-at="2015-08-03T13:45:34Z">
          <reporter-output>
          </reporter-output>
        </test-method> <!-- testNothing -->
        <test-method status="PASS" signature="teardown()[pri:0, instance:by.academy.TestServer@22ff4249]" name="teardown" is-config="true" duration-ms="39" started-at="2015-08-03T13:45:34Z" finished-at="2015-08-03T13:45:34Z">
          <reporter-output>
          </reporter-output>
        </test-method> <!-- teardown -->
      </class> <!-- by.academy.TestServer -->
    </test> <!-- Command line test -->
  </suite> <!-- by.academy.TestServer -->
</testng-results>
